<?xml version="1.0" encoding="UTF-8"?>
<testsuite xmlns:xsi="http://www.w3.org/2001/XMLSchema-instance" xsi:noNamespaceSchemaLocation="https://maven.apache.org/surefire/maven-surefire-plugin/xsd/surefire-test-report.xsd" name="org.example.bank.BankAccountParallelExecutionTest" time="2.049" tests="5" errors="0" skipped="0" failures="0">
  <properties>
[...]
</properties>
  <testcase name="testDepositWithSlowness{BankAccount}" classname="org.example.bank.BankAccountParallelExecutionTest" time="2.021"/>
  <testcase name="testDeposit{int, BankAccount}[1]" classname="org.example.bank.BankAccountParallelExecutionTest" time="0.013"/>
  <testcase name="testDeposit{int, BankAccount}[2]" classname="org.example.bank.BankAccountParallelExecutionTest" time="0"/>
  <testcase name="testDeposit{int, BankAccount}[3]" classname="org.example.bank.BankAccountParallelExecutionTest" time="0"/>
  <testcase name="testDeposit{int, BankAccount}[4]" classname="org.example.bank.BankAccountParallelExecutionTest" time="0"/>
</testsuite>